Line 84: Class MSComctlLib.ImageList of control imlForD was not a loaded control class.
Line 133: Class MSMask.MaskEdBox of control mebCnpj was not a loaded control class.
Line 149: Class ComCtl3.CoolBar of control cbrFornecedor was not a loaded control class.
Line 166: Class MSComctlLib.Toolbar of control tbrFornecedor was not a loaded control class.
Line 228: Class MSComctlLib.StatusBar of control stbFornecedor was not a loaded control class.
Line 252: Class MSComctlLib.ImageList of control imlFornecedor was not a loaded control class.
Line 87: The property name _ExtentX in imlForD is invalid.
Line 88: The property name _ExtentY in imlForD is invalid.
Line 90: The property name ImageWidth in imlForD is invalid.
Line 91: The property name ImageHeight in imlForD is invalid.
Line 92: The property name MaskColor in imlForD is invalid.
Line 93: The property name _Version in imlForD is invalid.
Line 131: The property name Images in imlForD is invalid.
Line 139: The property name _ExtentX in mebCnpj is invalid.
Line 140: The property name _ExtentY in mebCnpj is invalid.
Line 141: The property name _Version in mebCnpj is invalid.
Line 143: The property name PromptInclude in mebCnpj is invalid.
Line 145: The property name MaxLength in mebCnpj is invalid.
Line 146: The property name Mask in mebCnpj is invalid.
Line 147: The property name PromptChar in mebCnpj is invalid.
Line 156: The property name _ExtentX in cbrFornecedor is invalid.
Line 157: The property name _ExtentY in cbrFornecedor is invalid.
Line 158: The property name BandCount in cbrFornecedor is invalid.
Line 159: The property name _CBWidth in cbrFornecedor is invalid.
Line 160: The property name _CBHeight in cbrFornecedor is invalid.
Line 161: The property name _Version in cbrFornecedor is invalid.
Line 162: The property name Child1 in cbrFornecedor is invalid.
Line 163: The property name MinHeight1 in cbrFornecedor is invalid.
Line 164: The property name Width1 in cbrFornecedor is invalid.
Line 165: The property name NewRow1 in cbrFornecedor is invalid.
Line 172: The property name _ExtentX in tbrFornecedor is invalid.
Line 173: The property name _ExtentY in tbrFornecedor is invalid.
Line 174: The property name ButtonWidth in tbrFornecedor is invalid.
Line 175: The property name ButtonHeight in tbrFornecedor is invalid.
Line 176: The property name AllowCustomize in tbrFornecedor is invalid.
Line 177: The property name Wrappable in tbrFornecedor is invalid.
Line 178: The property name Style in tbrFornecedor is invalid.
Line 179: The property name ImageList in tbrFornecedor is invalid.
Line 180: The property name DisabledImageList in tbrFornecedor is invalid.
Line 181: The property name _Version in tbrFornecedor is invalid.
Line 225: The property name Buttons in tbrFornecedor is invalid.
Line 235: The property name _ExtentX in stbFornecedor is invalid.
Line 236: The property name _ExtentY in stbFornecedor is invalid.
Line 237: The property name _Version in stbFornecedor is invalid.
Line 250: The property name Panels in stbFornecedor is invalid.
Line 255: The property name _ExtentX in imlFornecedor is invalid.
Line 256: The property name _ExtentY in imlFornecedor is invalid.
Line 258: The property name ImageWidth in imlFornecedor is invalid.
Line 259: The property name ImageHeight in imlFornecedor is invalid.
Line 260: The property name MaskColor in imlFornecedor is invalid.
Line 261: The property name _Version in imlFornecedor is invalid.
Line 299: The property name Images in imlFornecedor is invalid.
